0 info it worked if it ends with ok
1 verbose cli [ 'C:\\Program Files\\nodejs\\node.exe',
1 verbose cli   'C:\\Program Files\\nodejs\\node_modules\\npm\\bin\\npm-cli.js',
1 verbose cli   'start' ]
2 info using npm@3.10.10
3 info using node@v6.9.5
4 verbose run-script [ 'prestart', 'start', 'poststart' ]
5 info lifecycle 45-generacion-de-proyecto-y-definicion-de-rutas-para-api@0.0.0~prestart: 45-generacion-de-proyecto-y-definicion-de-rutas-para-api@0.0.0
6 silly lifecycle 45-generacion-de-proyecto-y-definicion-de-rutas-para-api@0.0.0~prestart: no script for prestart, continuing
7 info lifecycle 45-generacion-de-proyecto-y-definicion-de-rutas-para-api@0.0.0~start: 45-generacion-de-proyecto-y-definicion-de-rutas-para-api@0.0.0
8 verbose lifecycle 45-generacion-de-proyecto-y-definicion-de-rutas-para-api@0.0.0~start: unsafe-perm in lifecycle true
9 verbose lifecycle 45-generacion-de-proyecto-y-definicion-de-rutas-para-api@0.0.0~start: PATH: C:\Program Files\nodejs\node_modules\npm\bin\node-gyp-bin;C:\Users\datasoft-edgardo\Desktop\Curso Udemy nodejs-desarrollo-de-software-profesional\60_Propiedades de componentes React\node_modules\.bin;C:\Perl64\site\bin;C:\Perl64\bin;C:\Program Files\nodejs\;C:\Users\datasoft-edgardo\AppData\Local\Programs\Python\Python36-32\Scripts\;C:\Users\datasoft-edgardo\AppData\Local\Programs\Python\Python36-32;C:\Program Files (x86)\Microsoft SQL Server\Client SDK\ODBC\130\Tools\Binn\;C:\Program Files (x86)\Microsoft SQL Server\140\Tools\Binn\;C:\Program Files (x86)\Microsoft SQL Server\140\DTS\Binn\;C:\Program Files (x86)\Microsoft SQL Server\140\Tools\Binn\ManagementStudio\;C:\Program Files (x86)\Brackets\command;C:\Go\bin;C:\Program Files\SafeNet ProtectApp\FIPS;C:\Program Files (x86)\Gpg4win\..\GnuPG\bin;C:\Program Files\OpenVPN\bin;C:\Program Files\dotnet\;C:\Program Files\Git\cmd;C:\Program Files (x86)\MySQL\MySQL Fabric 1.5 & MySQL Utilities 1.5\;C:\Program Files (x86)\MySQL\MySQL Fabric 1.5 & MySQL Utilities 1.5\Doctrine extensions for PHP\;C:\Windows\System32;C:\Users\datasoft-edgardo\AppData\Local\Programs\Python\Python36-32\Scripts\;C:\Users\datasoft-edgardo\AppData\Local\Programs\Python\Python36-32\;C:\Users\datasoft-edgardo\.cargo\bin;C:\Ruby24-x64\bin;C:\Users\datasoft-edgardo\AppData\Local\Microsoft\WindowsApps;C:\Program Files (x86)\Microsoft VS Code\bin;C:\Program Files (x86)\Nmap;C:\Users\datasoft-edgardo\AppData\Local\Microsoft\WindowsApps;C:\Users\datasoft-edgardo\AppData\Roaming\npm;C:\Program Files (x86)\Microsoft Visual Studio 14.0\VC\bin;C:\Program Files\Java\jdk1.8.0_121\bin;C:\Users\datasoft-edgardo\AppData\Local\atom\bin;C:\Users\datasoft-edgardo\Desktop;
10 verbose lifecycle 45-generacion-de-proyecto-y-definicion-de-rutas-para-api@0.0.0~start: CWD: C:\Users\datasoft-edgardo\Desktop\Curso Udemy nodejs-desarrollo-de-software-profesional\60_Propiedades de componentes React
11 silly lifecycle 45-generacion-de-proyecto-y-definicion-de-rutas-para-api@0.0.0~start: Args: [ '/d /s /c', 'node ./bin/www' ]
12 verbose stack Error: kill ENOSYS
12 verbose stack     at exports._errnoException (util.js:1022:11)
12 verbose stack     at process.kill (internal/process.js:172:13)
12 verbose stack     at process.listener (C:\Program Files\nodejs\node_modules\npm\node_modules\npmlog\node_modules\gauge\node_modules\signal-exit\index.js:86:15)
12 verbose stack     at emitNone (events.js:91:20)
12 verbose stack     at process.emit (events.js:185:7)
12 verbose stack     at processEmit (C:\Program Files\nodejs\node_modules\npm\node_modules\npmlog\node_modules\gauge\node_modules\signal-exit\index.js:146:32)
12 verbose stack     at processEmit (C:\Program Files\nodejs\node_modules\npm\node_modules\npm-registry-client\node_modules\npmlog\node_modules\gauge\node_modules\signal-exit\index.js:146:32)
12 verbose stack     at Signal.wrap.onsignal (internal/process.js:199:44)
13 verbose cwd C:\Users\datasoft-edgardo\Desktop\Curso Udemy nodejs-desarrollo-de-software-profesional\60_Propiedades de componentes React
14 error Windows_NT 10.0.15063
15 error argv "C:\\Program Files\\nodejs\\node.exe" "C:\\Program Files\\nodejs\\node_modules\\npm\\bin\\npm-cli.js" "start"
16 error node v6.9.5
17 error npm  v3.10.10
18 error code ENOSYS
19 error errno ENOSYS
20 error syscall kill
21 error kill ENOSYS
22 error If you need help, you may report this error at:
22 error     <https://github.com/npm/npm/issues>
23 verbose exit [ 1, true ]
